#
# There is insufficient memory for the Java Runtime Environment to continue.
# Native memory allocation (malloc) failed to allocate 1048576 bytes for AllocateHeap
# Possible reasons:
#   The system is out of physical RAM or swap space
#   The process is running with CompressedOops enabled, and the Java Heap may be blocking the growth of the native heap
# Possible solutions:
#   Reduce memory load on the system
#   Increase physical memory or swap space
#   Check if swap backing store is full
#   Decrease Java heap size (-Xmx/-Xms)
#   Decrease number of Java threads
#   Decrease Java thread stack sizes (-Xss)
#   Set larger code cache with -XX:ReservedCodeCacheSize=
#   JVM is running with Unscaled Compressed Oops mode in which the Java heap is
#     placed in the first 4GB address space. The Java Heap base address is the
#     maximum limit for the native heap growth. Please use -XX:HeapBaseMinAddress
#     to set the Java Heap base and to place the Java Heap above 4GB virtual address.
# This output file may be truncated or incomplete.
#
#  Out of Memory Error (allocation.cpp:44), pid=42040, tid=39492
#
# JRE version:  (17.0.10+7) (build )
# Java VM: OpenJDK 64-Bit Server VM (17.0.10+7, mixed mode, tiered, compressed oops, compressed class ptrs, parallel gc, windows-amd64)
# No core dump will be written. Minidumps are not enabled by default on client versions of Windows
#

---------------  S U M M A R Y ------------

Command Line: --add-modules=ALL-SYSTEM --add-opens=java.base/java.util=ALL-UNNAMED --add-opens=java.base/java.lang=ALL-UNNAMED --add-opens=java.base/sun.nio.fs=ALL-UNNAMED -Declipse.application=org.eclipse.jdt.ls.core.id1 -Dosgi.bundles.defaultStartLevel=4 -Declipse.product=org.eclipse.jdt.ls.core.product -Djava.import.generatesMetadataFilesAtProjectRoot=false -DDetectVMInstallationsJob.disabled=true -Dfile.encoding=utf8 -XX:+UseParallelGC -XX:GCTimeRatio=4 -XX:AdaptiveSizePolicyWeight=90 -Dsun.zip.disableMemoryMapping=true -Xmx1G -Xms100m -Xlog:disable -javaagent:c:\Users\forla\.vscode\extensions\redhat.java-1.30.0-win32-x64\lombok\lombok-1.18.32.jar c:\Users\forla\.vscode\extensions\redhat.java-1.30.0-win32-x64\server\plugins\org.eclipse.equinox.launcher_1.6.800.v20240330-1250.jar -configuration c:\Users\forla\AppData\Roaming\Code\User\globalStorage\redhat.java\1.30.0\config_ss_win -data c:\Users\forla\AppData\Roaming\Code\User\workspaceStorage\37f4edc0fa676d290dc340920add5d3b\redhat.java\ss_ws --pipe=\\.\pipe\lsp-bf6d708c18220417c3346e0321cfd73a-sock

Host: 11th Gen Intel(R) Core(TM) i5-11400F @ 2.60GHz, 12 cores, 7G,  Windows 11 , 64 bit Build 22621 (10.0.22621.3570)
Time: Sat May 18 16:50:11 2024 Eastern Daylight Time elapsed time: 1.210984 seconds (0d 0h 0m 1s)

---------------  T H R E A D  ---------------

Current thread (0x000001cd92dbf1e0):  JavaThread "Unknown thread" [_thread_in_vm, id=39492, stack(0x0000004c41600000,0x0000004c41700000)]

Stack: [0x0000004c41600000,0x0000004c41700000]
Native frames: (J=compiled Java code, j=interpreted, Vv=VM code, C=native code)
V  [jvm.dll+0x67d2c9]
V  [jvm.dll+0x834afa]
V  [jvm.dll+0x8365be]
V  [jvm.dll+0x836c23]
V  [jvm.dll+0x2477ff]
V  [jvm.dll+0xa6c93]
V  [jvm.dll+0x6aff76]
V  [jvm.dll+0x6b0b4f]
V  [jvm.dll+0x689a43]
V  [jvm.dll+0x806a7b]
V  [jvm.dll+0x36c774]
V  [jvm.dll+0x7e4e06]
V  [jvm.dll+0x3eff3f]
V  [jvm.dll+0x3f1b71]
C  [jli.dll+0x528f]
C  [ucrtbase.dll+0x29333]
C  [KERNEL32.DLL+0x1257d]
C  [ntdll.dll+0x5aa48]


---------------  P R O C E S S  ---------------

Threads class SMR info:
_java_thread_list=0x00007ffe9e8fee98, length=0, elements={
}

Java Threads: ( => current thread )

Other Threads:
  0x000001cd92dd3660 GCTaskThread "GC Thread#0" [stack: 0x0000004c41700000,0x0000004c41800000] [id=47108]

=>0x000001cd92dbf1e0 (exited) JavaThread "Unknown thread" [_thread_in_vm, id=39492, stack(0x0000004c41600000,0x0000004c41700000)]

Threads with active compile tasks:

VM state: not at safepoint (normal execution)

VM Mutex/Monitor currently owned by a thread: None

Heap address: 0x00000000c0000000, size: 1024 MB, Compressed Oops mode: 32-bit

CDS archive(s) not mapped
Compressed class space mapped at: 0x0000000100000000-0x0000000140000000, reserved size: 1073741824
Narrow klass base: 0x0000000000000000, Narrow klass shift: 3, Narrow klass range: 0x140000000

GC Precious Log:
 CPUs: 12 total, 12 available
 Memory: 8059M
 Large Page Support: Disabled
 NUMA Support: Disabled
 Compressed Oops: Enabled (32-bit)
 Alignments: Space 512K, Generation 512K, Heap 2M
 Heap Min Capacity: 100M
 Heap Initial Capacity: 100M
 Heap Max Capacity: 1G
 Pre-touch: Disabled
 Parallel Workers: 10

Heap:
 PSYoungGen      total 29696K, used 512K [0x00000000eab00000, 0x00000000ecc00000, 0x0000000100000000)
  eden space 25600K, 2% used [0x00000000eab00000,0x00000000eab80070,0x00000000ec400000)
  from space 4096K, 0% used [0x00000000ec800000,0x00000000ec800000,0x00000000ecc00000)
  to   space 4096K, 0% used [0x00000000ec400000,0x00000000ec400000,0x00000000ec800000)
 ParOldGen       total 68608K, used 0K [0x00000000c0000000, 0x00000000c4300000, 0x00000000eab00000)
  object space 68608K, 0% used [0x00000000c0000000,0x00000000c0000000,0x00000000c4300000)
 Metaspace       used 1149K, committed 1216K, reserved 1114112K
  class space    used 101K, committed 128K, reserved 1048576K

Card table byte_map: [0x000001cd92740000,0x000001cd92950000] _byte_map_base: 0x000001cd92140000

Marking Bits: (ParMarkBitMap*) 0x00007ffe9e96d7d0
 Begin Bits: [0x000001cda4a40000, 0x000001cda5a40000)
 End Bits:   [0x000001cda5a40000, 0x000001cda6a40000)

Polling page: 0x000001cd90d10000

Metaspace:

Usage:
  Non-class:      1.02 MB used.
      Class:    101.05 KB used.
       Both:      1.12 MB used.

Virtual space:
  Non-class space:       64.00 MB reserved,       1.06 MB (  2%) committed,  1 nodes.
      Class space:        1.00 GB reserved,     128.00 KB ( <1%) committed,  1 nodes.
             Both:        1.06 GB reserved,       1.19 MB ( <1%) committed. 

Chunk freelists:
   Non-Class:  12.00 MB
       Class:  15.75 MB
        Both:  27.75 MB

MaxMetaspaceSize: unlimited
CompressedClassSpaceSize: 1.00 GB
Initial GC threshold: 21.00 MB
Current GC threshold: 17179869184.00 GB
CDS: off
MetaspaceReclaimPolicy: balanced
 - commit_granule_bytes: 65536.
 - commit_granule_words: 8192.
 - virtual_space_node_default_size: 8388608.
 - enlarge_chunks_in_place: 1.
 - new_chunks_are_fully_committed: 0.
 - uncommit_free_chunks: 1.
 - use_allocation_guard: 0.
 - handle_deallocations: 1.


Internal statistics:

num_allocs_failed_limit: 0.
num_arena_births: 2.
num_arena_deaths: 0.
num_vsnodes_births: 2.
num_vsnodes_deaths: 0.
num_space_committed: 19.
num_space_uncommitted: 0.
num_chunks_returned_to_freelist: 0.
num_chunks_taken_from_freelist: 3.
num_chunk_merges: 0.
num_chunk_splits: 2.
num_chunks_enlarged: 0.
num_inconsistent_stats: 0.

CodeHeap 'non-profiled nmethods': size=120000Kb used=0Kb max_used=0Kb free=120000Kb
 bounds [0x000001cd9d510000, 0x000001cd9d780000, 0x000001cda4a40000]
CodeHeap 'profiled nmethods': size=120000Kb used=0Kb max_used=0Kb free=120000Kb
 bounds [0x000001cd95a40000, 0x000001cd95cb0000, 0x000001cd9cf70000]
CodeHeap 'non-nmethods': size=5760Kb used=208Kb max_used=360Kb free=5551Kb
 bounds [0x000001cd9cf70000, 0x000001cd9d1e0000, 0x000001cd9d510000]
 total_blobs=66 nmethods=0 adapters=47
 compilation: enabled
              stopped_count=0, restarted_count=0
 full_count=0

Compilation events (0 events):
No events

GC Heap History (0 events):
No events

Dll operation events (1 events):
Event: 0.092 Loaded shared library c:\Users\forla\.vscode\extensions\redhat.java-1.30.0-win32-x64\jre\17.0.10-win32-x86_64\bin\java.dll

Deoptimization events (0 events):
No events

Classes unloaded (0 events):
No events

Classes redefined (0 events):
No events

Internal exceptions (0 events):
No events

VM Operations (0 events):
No events

Events (20 events):
Event: 0.794 loading class java/lang/Long
Event: 0.795 loading class java/lang/Long done
Event: 0.795 loading class java/util/Iterator
Event: 0.795 loading class java/util/Iterator done
Event: 0.795 loading class java/lang/reflect/RecordComponent
Event: 0.795 loading class java/lang/reflect/RecordComponent done
Event: 0.795 loading class jdk/internal/vm/vector/VectorSupport
Event: 0.797 loading class jdk/internal/vm/vector/VectorSupport done
Event: 0.797 loading class jdk/internal/vm/vector/VectorSupport$VectorPayload
Event: 0.797 loading class jdk/internal/vm/vector/VectorSupport$VectorPayload done
Event: 0.797 loading class jdk/internal/vm/vector/VectorSupport$Vector
Event: 0.797 loading class jdk/internal/vm/vector/VectorSupport$Vector done
Event: 0.797 loading class jdk/internal/vm/vector/VectorSupport$VectorMask
Event: 0.798 loading class jdk/internal/vm/vector/VectorSupport$VectorMask done
Event: 0.798 loading class jdk/internal/vm/vector/VectorSupport$VectorShuffle
Event: 0.798 loading class jdk/internal/vm/vector/VectorSupport$VectorShuffle done
Event: 1.168 loading class java/lang/NullPointerException
Event: 1.168 loading class java/lang/NullPointerException done
Event: 1.168 loading class java/lang/ArithmeticException
Event: 1.168 loading class java/lang/ArithmeticException done


Dynamic libraries:
0x00007ff649700000 - 0x00007ff64970e000 	c:\Users\forla\.vscode\extensions\redhat.java-1.30.0-win32-x64\jre\17.0.10-win32-x86_64\bin\java.exe
0x00007fffcf530000 - 0x00007fffcf747000 	C:\WINDOWS\SYSTEM32\ntdll.dll
0x00007fffce1c0000 - 0x00007fffce284000 	C:\WINDOWS\System32\KERNEL32.DLL
0x00007fffcc8f0000 - 0x00007fffccc9e000 	C:\WINDOWS\System32\KERNELBASE.dll
0x00007fffccfd0000 - 0x00007fffcd0e1000 	C:\WINDOWS\System32\ucrtbase.dll
0x00007ffee8250000 - 0x00007ffee8267000 	c:\Users\forla\.vscode\extensions\redhat.java-1.30.0-win32-x64\jre\17.0.10-win32-x86_64\bin\jli.dll
0x000001cd90a20000 - 0x000001cd90bce000 	C:\WINDOWS\System32\USER32.dll
0x00007fffccfa0000 - 0x00007fffccfc6000 	C:\WINDOWS\System32\win32u.dll
0x00007fffcdb20000 - 0x00007fffcdb49000 	C:\WINDOWS\System32\GDI32.dll
0x00007fffcce00000 - 0x00007fffccf19000 	C:\WINDOWS\System32\gdi32full.dll
0x000001cd90bd0000 - 0x000001cd90c6a000 	C:\WINDOWS\System32\msvcp_win.dll
0x00007ffec8f90000 - 0x00007ffec8fab000 	c:\Users\forla\.vscode\extensions\redhat.java-1.30.0-win32-x64\jre\17.0.10-win32-x86_64\bin\VCRUNTIME140.dll
0x00007fffa7a10000 - 0x00007fffa7ca3000 	C:\WINDOWS\WinSxS\amd64_microsoft.windows.common-controls_6595b64144ccf1df_6.0.22621.3566_none_27125e8b73837631\COMCTL32.dll
0x00007fffced60000 - 0x00007fffcee07000 	C:\WINDOWS\System32\msvcrt.dll
0x00007fffcdf30000 - 0x00007fffcdf61000 	C:\WINDOWS\System32\IMM32.DLL
0x00007fff77570000 - 0x00007fff7757c000 	c:\Users\forla\.vscode\extensions\redhat.java-1.30.0-win32-x64\jre\17.0.10-win32-x86_64\bin\vcruntime140_1.dll
0x00007ffea1e00000 - 0x00007ffea1e8d000 	c:\Users\forla\.vscode\extensions\redhat.java-1.30.0-win32-x64\jre\17.0.10-win32-x86_64\bin\msvcp140.dll
0x00007ffe9ddd0000 - 0x00007ffe9ea32000 	c:\Users\forla\.vscode\extensions\redhat.java-1.30.0-win32-x64\jre\17.0.10-win32-x86_64\bin\server\jvm.dll
0x00007fffcdf90000 - 0x00007fffce042000 	C:\WINDOWS\System32\ADVAPI32.dll
0x00007fffcee10000 - 0x00007fffceeb8000 	C:\WINDOWS\System32\sechost.dll
0x00007fffcc8c0000 - 0x00007fffcc8e8000 	C:\WINDOWS\System32\bcrypt.dll
0x00007fffcef50000 - 0x00007fffcf065000 	C:\WINDOWS\System32\RPCRT4.dll
0x00007fffcc710000 - 0x00007fffcc75d000 	C:\WINDOWS\SYSTEM32\POWRPROF.dll
0x00007fffb0160000 - 0x00007fffb0169000 	C:\WINDOWS\SYSTEM32\WSOCK32.dll
0x00007fffce540000 - 0x00007fffce5b1000 	C:\WINDOWS\System32\WS2_32.dll
0x00007fffc4410000 - 0x00007fffc4444000 	C:\WINDOWS\SYSTEM32\WINMM.dll
0x00007fffc55a0000 - 0x00007fffc55aa000 	C:\WINDOWS\SYSTEM32\VERSION.dll
0x00007fffcc6f0000 - 0x00007fffcc703000 	C:\WINDOWS\SYSTEM32\UMPDC.dll
0x00007fffcb830000 - 0x00007fffcb848000 	C:\WINDOWS\SYSTEM32\kernel.appcore.dll
0x00007fff6d3a0000 - 0x00007fff6d3aa000 	c:\Users\forla\.vscode\extensions\redhat.java-1.30.0-win32-x64\jre\17.0.10-win32-x86_64\bin\jimage.dll
0x00007fffbb560000 - 0x00007fffbb792000 	C:\WINDOWS\SYSTEM32\DBGHELP.DLL
0x00007fffce930000 - 0x00007fffcecb8000 	C:\WINDOWS\System32\combase.dll
0x00007fffce840000 - 0x00007fffce917000 	C:\WINDOWS\System32\OLEAUT32.dll
0x00007fffbf900000 - 0x00007fffbf932000 	C:\WINDOWS\SYSTEM32\dbgcore.DLL
0x00007fffccf20000 - 0x00007fffccf99000 	C:\WINDOWS\System32\bcryptPrimitives.dll
0x00007fff5a7b0000 - 0x00007fff5a7be000 	c:\Users\forla\.vscode\extensions\redhat.java-1.30.0-win32-x64\jre\17.0.10-win32-x86_64\bin\instrument.dll
0x00007ffe9f110000 - 0x00007ffe9f135000 	c:\Users\forla\.vscode\extensions\redhat.java-1.30.0-win32-x64\jre\17.0.10-win32-x86_64\bin\java.dll
0x00007fff7b990000 - 0x00007fff7b9a8000 	c:\Users\forla\.vscode\extensions\redhat.java-1.30.0-win32-x64\jre\17.0.10-win32-x86_64\bin\zip.dll

dbghelp: loaded successfully - version: 4.0.5 - missing functions: none
symbol engine: initialized successfully - sym options: 0x614 - pdb path: .;c:\Users\forla\.vscode\extensions\redhat.java-1.30.0-win32-x64\jre\17.0.10-win32-x86_64\bin;C:\WINDOWS\SYSTEM32;C:\WINDOWS\WinSxS\amd64_microsoft.windows.common-controls_6595b64144ccf1df_6.0.22621.3566_none_27125e8b73837631;c:\Users\forla\.vscode\extensions\redhat.java-1.30.0-win32-x64\jre\17.0.10-win32-x86_64\bin\server

VM Arguments:
jvm_args: --add-modules=ALL-SYSTEM --add-opens=java.base/java.util=ALL-UNNAMED --add-opens=java.base/java.lang=ALL-UNNAMED --add-opens=java.base/sun.nio.fs=ALL-UNNAMED -Declipse.application=org.eclipse.jdt.ls.core.id1 -Dosgi.bundles.defaultStartLevel=4 -Declipse.product=org.eclipse.jdt.ls.core.product -Djava.import.generatesMetadataFilesAtProjectRoot=false -DDetectVMInstallationsJob.disabled=true -Dfile.encoding=utf8 -XX:+UseParallelGC -XX:GCTimeRatio=4 -XX:AdaptiveSizePolicyWeight=90 -Dsun.zip.disableMemoryMapping=true -Xmx1G -Xms100m -Xlog:disable -javaagent:c:\Users\forla\.vscode\extensions\redhat.java-1.30.0-win32-x64\lombok\lombok-1.18.32.jar 
java_command: c:\Users\forla\.vscode\extensions\redhat.java-1.30.0-win32-x64\server\plugins\org.eclipse.equinox.launcher_1.6.800.v20240330-1250.jar -configuration c:\Users\forla\AppData\Roaming\Code\User\globalStorage\redhat.java\1.30.0\config_ss_win -data c:\Users\forla\AppData\Roaming\Code\User\workspaceStorage\37f4edc0fa676d290dc340920add5d3b\redhat.java\ss_ws --pipe=\\.\pipe\lsp-bf6d708c18220417c3346e0321cfd73a-sock
java_class_path (initial): c:\Users\forla\.vscode\extensions\redhat.java-1.30.0-win32-x64\server\plugins\org.eclipse.equinox.launcher_1.6.800.v20240330-1250.jar
Launcher Type: SUN_STANDARD

[Global flags]
    uintx AdaptiveSizePolicyWeight                 = 90                                        {product} {command line}
     intx CICompilerCount                          = 4                                         {product} {ergonomic}
    uintx GCTimeRatio                              = 4                                         {product} {command line}
   size_t InitialHeapSize                          = 104857600                                 {product} {command line}
   size_t MaxHeapSize                              = 1073741824                                {product} {command line}
   size_t MaxNewSize                               = 357564416                                 {product} {ergonomic}
   size_t MinHeapDeltaBytes                        = 524288                                    {product} {ergonomic}
   size_t MinHeapSize                              = 104857600                                 {product} {command line}
   size_t NewSize                                  = 34603008                                  {product} {ergonomic}
    uintx NonNMethodCodeHeapSize                   = 5839372                                {pd product} {ergonomic}
    uintx NonProfiledCodeHeapSize                  = 122909434                              {pd product} {ergonomic}
   size_t OldSize                                  = 70254592                                  {product} {ergonomic}
    uintx ProfiledCodeHeapSize                     = 122909434                              {pd product} {ergonomic}
    uintx ReservedCodeCacheSize                    = 251658240                              {pd product} {ergonomic}
     bool SegmentedCodeCache                       = true                                      {product} {ergonomic}
   size_t SoftMaxHeapSize                          = 1073741824                             {manageable} {ergonomic}
     bool UseCompressedClassPointers               = true                           {product lp64_product} {ergonomic}
     bool UseCompressedOops                        = true                           {product lp64_product} {ergonomic}
     bool UseLargePagesIndividualAllocation        = false                                  {pd product} {ergonomic}
     bool UseParallelGC                            = true                                      {product} {command line}

Logging:
Log output configuration:
 #0: stdout all=off uptime,level,tags
 #1: stderr all=off uptime,level,tags

Environment Variables:
JAVA_HOME=C:\Program Files\Eclipse Adoptium\jdk-21.0.3.9-hotspot\
PATH=C:\Users\forla\AppData\Local\cloud-code\installer\google-cloud-sdk\bin;C:\Program Files\Eclipse Adoptium\jdk-21.0.3.9-hotspot\bin;C:\Windows\system32;C:\Windows;C:\Windows\System32\Wbem;C:\Windows\System32\WindowsPowerShell\v1.0\;C:\Windows\System32\OpenSSH\;C:\Program Files (x86)\NVIDIA Corporation\PhysX\Common;C:\Program Files\NVIDIA Corporation\NVIDIA NvDLISR;C:\Program Files\dotnet\;C:\WINDOWS\system32;C:\WINDOWS;C:\WINDOWS\System32\Wbem;C:\WINDOWS\System32\WindowsPowerShell\v1.0\;C:\WINDOWS\System32\OpenSSH\;C:\Program Files\BackupClient\CommandLineTool\;C:\Program Files (x86)\Common Files\Acronis\FileProtector\;C:\Program Files (x86)\Common Files\Acronis\FileProtector64\;C:\Program Files\BackupClient\PyShell\bin\;C:\Program Files (x86)\Common Files\Acronis\SnapAPI\;C:\Program Files\PuTTY\;C:\Program Files\Microsoft SQL Server\150\Tools\Binn\;C:\Program Files\Microsoft SQL Server\Client SDK\ODBC\170\Tools\Binn\;C:\Program Files (x86)\Windows Kits\10\Windows Performance Toolkit\;C:\Program Files\Go\bin;C:\Program Files\Docker\Docker\resources\bin;C:\WINDOWS\system32;C:\WINDOWS;C:\WINDOWS\System32\Wbem;C:\WINDOWS\System32\WindowsPowerShell\v1.0\;C:\WINDOWS\System32\OpenSSH\;C:\Users\forla\AppData\Local\Programs\Python\Python312\Scripts\;C:\Users\forla\AppData\Local\Programs\Python\Python312\;C:\Users\forla\AppData\Local\Programs\Python\Launcher\;C:\Users\forla\AppData\Local\Microsoft\WindowsApps;C:\Users\forla\.dotnet\tools;C:\Users\forla\AppData\Local\Programs\Microsoft VS Code\bin;C:\Users\forla\AppData\Local\GitHubDesktop\bin;C:\Users\forla\AppData\Local\Docker Labs Debug Tools\bin;C:\Users\forla\go\bin;C:\ProgramData\forla\GitHubDesktop\bin;;C:\Users\forla\AppData\Local\Google\Cloud SDK\google-cloud-sdk\bin;C:\Program Files (x86)\Google\Cloud SDK\google-cloud-sdk\bin;C:\Program Files\Google\Cloud SDK\google-cloud-sdk\bin
USERNAME=forla
OS=Windows_NT
PROCESSOR_IDENTIFIER=Intel64 Family 6 Model 167 Stepping 1, GenuineIntel
TMP=C:\Users\forla\AppData\Local\Temp
TEMP=C:\Users\forla\AppData\Local\Temp



Periodic native trim disabled


---------------  S Y S T E M  ---------------

OS:
 Windows 11 , 64 bit Build 22621 (10.0.22621.3570)
OS uptime: 0 days 0:43 hours
Hyper-V role detected

CPU: total 12 (initial active 12) (6 cores per cpu, 2 threads per core) family 6 model 167 stepping 1 microcode 0x40, cx8, cmov, fxsr, ht, mmx, 3dnowpref, sse, sse2, sse3, ssse3, sse4.1, sse4.2, popcnt, lzcnt, tsc, tscinvbit, avx, avx2, aes, erms, clmul, bmi1, bmi2, adx, avx512f, avx512dq, avx512cd, avx512bw, avx512vl, sha, fma, vzeroupper, avx512_vpopcntdq, avx512_vpclmulqdq, avx512_vaes, avx512_vnni, clflush, clflushopt, avx512_vbmi2, avx512_vbmi, hv
Processor Information for all 12 processors :
  Max Mhz: 2592, Current Mhz: 2592, Mhz Limit: 2592

Memory: 4k page, system-wide physical 8059M (9M free)
TotalPageFile size 32635M (AvailPageFile size 6M)
current process WorkingSet (physical memory assigned to process): 7M, peak: 12M
current process commit charge ("private bytes"): 162M, peak: 163M

vm_info: OpenJDK 64-Bit Server VM (17.0.10+7) for windows-amd64 JRE (17.0.10+7), built on Jan 16 2024 23:25:11 by "admin" with MS VC++ 16.10 / 16.11 (VS2019)

END.
